  Main.cpp
C:\dxlib\DxLib.h(2655,1): warning C4819: ファイルは、現在のコード ページ (932) で表示できない文字を含んでいます。データの損失を防ぐために、ファイルを Unicode 形式で保存してください。
C:\dxlib\DxLib.h(3535,1): warning C4819: ファイルは、現在のコード ページ (932) で表示できない文字を含んでいます。データの損失を防ぐために、ファイルを Unicode 形式で保存してください。
C:\dxlib\DxLib.h(3763,1): warning C4819: ファイルは、現在のコード ページ (932) で表示できない文字を含んでいます。データの損失を防ぐために、ファイルを Unicode 形式で保存してください。
  AssetManager.cpp
C:\dxlib\DxLib.h(2655,1): warning C4819: ファイルは、現在のコード ページ (932) で表示できない文字を含んでいます。データの損失を防ぐために、ファイルを Unicode 形式で保存してください。
C:\dxlib\DxLib.h(3535,1): warning C4819: ファイルは、現在のコード ページ (932) で表示できない文字を含んでいます。データの損失を防ぐために、ファイルを Unicode 形式で保存してください。
C:\dxlib\DxLib.h(3763,1): warning C4819: ファイルは、現在のコード ページ (932) で表示できない文字を含んでいます。データの損失を防ぐために、ファイルを Unicode 形式で保存してください。
C:\Users\hayac\Desktop\WarCrazedLady\GFF2024_TheWarCrazedLady\Manager\AssetManager\AssetManager.cpp(20,41): warning C4267: '初期化中': 'size_t' から 'int' に変換しました。データが失われているかもしれません。
C:\Users\hayac\Desktop\WarCrazedLady\GFF2024_TheWarCrazedLady\Manager\AssetManager\AssetManager.cpp(21,48): warning C4267: '初期化中': 'size_t' から 'int' に変換しました。データが失われているかもしれません。
  ControlManager.cpp
C:\dxlib\DxLib.h(2655,1): warning C4819: ファイルは、現在のコード ページ (932) で表示できない文字を含んでいます。データの損失を防ぐために、ファイルを Unicode 形式で保存してください。
C:\dxlib\DxLib.h(3535,1): warning C4819: ファイルは、現在のコード ページ (932) で表示できない文字を含んでいます。データの損失を防ぐために、ファイルを Unicode 形式で保存してください。
C:\dxlib\DxLib.h(3763,1): warning C4819: ファイルは、現在のコード ページ (932) で表示できない文字を含んでいます。データの損失を防ぐために、ファイルを Unicode 形式で保存してください。
  SaveManager.cpp
C:\dxlib\DxLib.h(2655,1): warning C4819: ファイルは、現在のコード ページ (932) で表示できない文字を含んでいます。データの損失を防ぐために、ファイルを Unicode 形式で保存してください。
C:\dxlib\DxLib.h(3535,1): warning C4819: ファイルは、現在のコード ページ (932) で表示できない文字を含んでいます。データの損失を防ぐために、ファイルを Unicode 形式で保存してください。
C:\dxlib\DxLib.h(3763,1): warning C4819: ファイルは、現在のコード ページ (932) で表示できない文字を含んでいます。データの損失を防ぐために、ファイルを Unicode 形式で保存してください。
  Section_ShowLogo.cpp
C:\dxlib\DxLib.h(2655,1): warning C4819: ファイルは、現在のコード ページ (932) で表示できない文字を含んでいます。データの損失を防ぐために、ファイルを Unicode 形式で保存してください。
C:\dxlib\DxLib.h(3535,1): warning C4819: ファイルは、現在のコード ページ (932) で表示できない文字を含んでいます。データの損失を防ぐために、ファイルを Unicode 形式で保存してください。
C:\dxlib\DxLib.h(3763,1): warning C4819: ファイルは、現在のコード ページ (932) で表示できない文字を含んでいます。データの損失を防ぐために、ファイルを Unicode 形式で保存してください。
C:\Users\hayac\Desktop\WarCrazedLady\GFF2024_TheWarCrazedLady\Scene\SplashLogo\Section_ShowLogo.cpp(45,51): warning C4244: '引数': 'float' から 'int' への変換です。データが失われる可能性があります。
  TitleScene.cpp
C:\dxlib\DxLib.h(2655,1): warning C4819: ファイルは、現在のコード ページ (932) で表示できない文字を含んでいます。データの損失を防ぐために、ファイルを Unicode 形式で保存してください。
C:\dxlib\DxLib.h(3535,1): warning C4819: ファイルは、現在のコード ページ (932) で表示できない文字を含んでいます。データの損失を防ぐために、ファイルを Unicode 形式で保存してください。
C:\dxlib\DxLib.h(3763,1): warning C4819: ファイルは、現在のコード ページ (932) で表示できない文字を含んでいます。データの損失を防ぐために、ファイルを Unicode 形式で保存してください。
  コードを生成中...
C:\Users\hayac\Desktop\WarCrazedLady\GFF2024_TheWarCrazedLady\Manager\ControlManager\ControlManager.cpp(90): warning C4715: 'HitKey': 値を返さないコントロール パスがあります。
C:\Users\hayac\Desktop\WarCrazedLady\GFF2024_TheWarCrazedLady\Manager\ControlManager\ControlManager.cpp(148): warning C4715: 'HitButton': 値を返さないコントロール パスがあります。
C:\Users\hayac\Desktop\WarCrazedLady\GFF2024_TheWarCrazedLady\Main.cpp(88): warning C4715: 'GetObj': 値を返さないコントロール パスがあります。
  GFF2024_TheWarCrazedLady.vcxproj -> C:\Users\hayac\Desktop\WarCrazedLady\x64\Debug\GFF2024_TheWarCrazedLady.exe
